proguard/seeds.txt
com.inhuasoft.smart.client.BluetoothManager
com.inhuasoft.smart.client.BluetoothManager: BluetoothManager()
com.inhuasoft.smart.client.BootReceiver
com.inhuasoft.smart.client.BootReceiver: BootReceiver()
com.inhuasoft.smart.client.ChatFragment$ImageSize: com.inhuasoft.smart.client.ChatFragment$ImageSize[] values()
com.inhuasoft.smart.client.ChatFragment$ImageSize: com.inhuasoft.smart.client.ChatFragment$ImageSize valueOf(java.lang.String)
com.inhuasoft.smart.client.FragmentsAvailable: com.inhuasoft.smart.client.FragmentsAvailable[] values()
com.inhuasoft.smart.client.FragmentsAvailable: com.inhuasoft.smart.client.FragmentsAvailable valueOf(java.lang.String)
com.inhuasoft.smart.client.InCallActivity
com.inhuasoft.smart.client.InCallActivity: InCallActivity()
com.inhuasoft.smart.client.InCallActivity: void onClick(android.view.View)
com.inhuasoft.smart.client.InCallActivityBakup: void onClick(android.view.View)
com.inhuasoft.smart.client.IncomingCallActivity
com.inhuasoft.smart.client.IncomingCallActivity: IncomingCallActivity()
com.inhuasoft.smart.client.KeepAliveHandler
com.inhuasoft.smart.client.KeepAliveHandler: KeepAliveHandler()
com.inhuasoft.smart.client.LinphoneActivity
com.inhuasoft.smart.client.LinphoneActivity: LinphoneActivity()
com.inhuasoft.smart.client.LinphoneActivity: void onClick(android.view.View)
com.inhuasoft.smart.client.LinphoneLauncherActivity
com.inhuasoft.smart.client.LinphoneLauncherActivity: LinphoneLauncherActivity()
com.inhuasoft.smart.client.LinphoneService
com.inhuasoft.smart.client.LinphoneService: LinphoneService()
com.inhuasoft.smart.client.LinphoneService$IncallIconState: com.inhuasoft.smart.client.LinphoneService$IncallIconState[] values()
com.inhuasoft.smart.client.LinphoneService$IncallIconState: com.inhuasoft.smart.client.LinphoneService$IncallIconState valueOf(java.lang.String)
com.inhuasoft.smart.client.LinphoneSimpleListener$LinphoneOnAudioChangedListener$AudioState: com.inhuasoft.smart.client.LinphoneSimpleListener$LinphoneOnAudioChangedListener$AudioState[] values()
com.inhuasoft.smart.client.LinphoneSimpleListener$LinphoneOnAudioChangedListener$AudioState: com.inhuasoft.smart.client.LinphoneSimpleListener$LinphoneOnAudioChangedListener$AudioState valueOf(java.lang.String)
com.inhuasoft.smart.client.LoginActivity
com.inhuasoft.smart.client.LoginActivity: LoginActivity()
com.inhuasoft.smart.client.LoginActivity: void onClick(android.view.View)
com.inhuasoft.smart.client.MainActivity
com.inhuasoft.smart.client.MainActivity: MainActivity()
com.inhuasoft.smart.client.MenubarView
com.inhuasoft.smart.client.MenubarView: MenubarView(android.content.Context)
com.inhuasoft.smart.client.MenubarView: MenubarView(android.content.Context,android.util.AttributeSet)
com.inhuasoft.smart.client.MenubarView: void setSelected(boolean)
com.inhuasoft.smart.client.MenubarView: void setText(java.lang.CharSequence)
com.inhuasoft.smart.client.MenubarView: void setText(int)
com.inhuasoft.smart.client.MenubarView: void setTextColor(int)
com.inhuasoft.smart.client.MenubarView: void setTextColor(android.content.res.ColorStateList)
com.inhuasoft.smart.client.NetworkManager
com.inhuasoft.smart.client.NetworkManager: NetworkManager()
com.inhuasoft.smart.client.OpenGLESDisplay
com.inhuasoft.smart.client.OpenGLESDisplay: void init(int,int,int)
com.inhuasoft.smart.client.OpenGLESDisplay: void render(int)
com.inhuasoft.smart.client.PhoneStateChangedReceiver
com.inhuasoft.smart.client.PhoneStateChangedReceiver: PhoneStateChangedReceiver()
...
org.linphone.mediastream.video.capture.AndroidVideoApi8JniWrapper$1
org.linphone.mediastream.video.capture.AndroidVideoApi8JniWrapper$1: long val$nativePtr
org.linphone.mediastream.video.capture.AndroidVideoApi8JniWrapper$1: AndroidVideoApi8JniWrapper$1(long)
org.linphone.mediastream.video.capture.AndroidVideoApi8JniWrapper$1: void onPreviewFrame(byte[],android.hardware.Camera)
org.linphone.mediastream.video.capture.AndroidVideoApi9JniWrapper
org.linphone.mediastream.video.capture.AndroidVideoApi9JniWrapper: AndroidVideoApi9JniWrapper()
org.linphone.mediastream.video.capture.AndroidVideoApi9JniWrapper: int detectCameras(int[],int[],int[])
org.linphone.mediastream.video.capture.AndroidVideoApi9JniWrapper: int[] selectNearestResolutionAvailable(int,int,int)
org.linphone.mediastream.video.capture.AndroidVideoApi9JniWrapper: java.lang.Object startRecording(int,int,int,int,int,long)
org.linphone.mediastream.video.capture.AndroidVideoApi9JniWrapper: void stopRecording(java.lang.Object)
org.linphone.mediastream.video.capture.AndroidVideoApi9JniWrapper: void setPreviewDisplaySurface(java.lang.Object,java.lang.Object)
org.linphone.mediastream.video.capture.AndroidVideoApi9JniWrapper: void setCameraDisplayOrientation(int,int,android.hardware.Camera)
org.linphone.mediastream.video.capture.AndroidVideoApi9JniWrapper: int[] findClosestEnclosingFpsRange(int,java.util.List)
org.linphone.mediastream.video.capture.AndroidVideoApi9JniWrapper$1
org.linphone.mediastream.video.capture.AndroidVideoApi9JniWrapper$1: long val$nativePtr
org.linphone.mediastream.video.capture.AndroidVideoApi9JniWrapper$1: AndroidVideoApi9JniWrapper$1(long)
org.linphone.mediastream.video.capture.AndroidVideoApi9JniWrapper$1: void onPreviewFrame(byte[],android.hardware.Camera)
org.linphone.mediastream.video.capture.hwconf.AndroidCameraConfiguration
org.linphone.mediastream.video.capture.hwconf.AndroidCameraConfiguration: org.linphone.mediastream.video.capture.hwconf.AndroidCameraConfiguration$AndroidCamera[] camerasCache
org.linphone.mediastream.video.capture.hwconf.AndroidCameraConfiguration: AndroidCameraConfiguration()
org.linphone.mediastream.video.capture.hwconf.AndroidCameraConfiguration: org.linphone.mediastream.video.capture.hwconf.AndroidCameraConfiguration$AndroidCamera[] retrieveCameras()
org.linphone.mediastream.video.capture.hwconf.AndroidCameraConfiguration: boolean hasSeveralCameras()
org.linphone.mediastream.video.capture.hwconf.AndroidCameraConfiguration: boolean hasFrontCamera()
org.linphone.mediastream.video.capture.hwconf.AndroidCameraConfiguration: void initCamerasCache()
org.linphone.mediastream.video.capture.hwconf.AndroidCameraConfiguration: org.linphone.mediastream.video.capture.hwconf.AndroidCameraConfiguration$AndroidCamera[] probeCamerasSDK5()
org.linphone.mediastream.video.capture.hwconf.AndroidCameraConfiguration: org.linphone.mediastream.video.capture.hwconf.AndroidCameraConfiguration$AndroidCamera[] probeCamerasSDK9()
org.linphone.mediastream.video.capture.hwconf.AndroidCameraConfiguration$AndroidCamera
org.linphone.mediastream.video.capture.hwconf.AndroidCameraConfiguration$AndroidCamera: int id
org.linphone.mediastream.video.capture.hwconf.AndroidCameraConfiguration$AndroidCamera: boolean frontFacing
org.linphone.mediastream.video.capture.hwconf.AndroidCameraConfiguration$AndroidCamera: int orientation
org.linphone.mediastream.video.capture.hwconf.AndroidCameraConfiguration$AndroidCamera: java.util.List resolutions
org.linphone.mediastream.video.capture.hwconf.AndroidCameraConfiguration$AndroidCamera: AndroidCameraConfiguration$AndroidCamera(int,boolean,int,java.util.List)