proguard/mapping.txt
com.inhuasoft.smart.client.AboutFragment -> com.inhuasoft.smart.client.a:
    com.inhuasoft.smart.client.FragmentsAvailable about -> a
    android.view.View onCreateView(android.view.LayoutInflater,android.view.ViewGroup,android.os.Bundle) -> a
    void onResume() -> r
    void onClick(android.view.View) -> onClick
com.inhuasoft.smart.client.AccountPreferencesFragment -> com.inhuasoft.smart.client.b:
    int n -> aj
    com.inhuasoft.smart.client.LinphonePreferences mPrefs -> ak
    android.preference.EditTextPreference mProxyPreference -> al
    android.preference.ListPreference mTransportPreference -> am
    android.preference.Preference$OnPreferenceChangeListener usernameChangedListener -> i
    android.preference.Preference$OnPreferenceChangeListener useridChangedListener -> W
    android.preference.Preference$OnPreferenceChangeListener passwordChangedListener -> X
    android.preference.Preference$OnPreferenceChangeListener domainChangedListener -> Y
    android.preference.Preference$OnPreferenceChangeListener displayNameChangedListener -> Z
    android.preference.Preference$OnPreferenceChangeListener proxyChangedListener -> aa
    android.preference.Preference$OnPreferenceChangeListener outboundProxyChangedListener -> ab
    android.preference.Preference$OnPreferenceChangeListener expiresChangedListener -> ac
    android.preference.Preference$OnPreferenceChangeListener prefixChangedListener -> ad
    android.preference.Preference$OnPreferenceChangeListener avpfChangedListener -> ae
    android.preference.Preference$OnPreferenceChangeListener avpfRRIntervalChangedListener -> af
    android.preference.Preference$OnPreferenceChangeListener escapeChangedListener -> ag
    android.preference.Preference$OnPreferenceChangeListener disableChangedListener -> ah
com.inhuasoft.smart.client.AccountPreferencesFragment$1 -> com.inhuasoft.smart.client.c:
    com.inhuasoft.smart.client.AccountPreferencesFragment this$0 -> a
    boolean onPreferenceChange(android.preference.Preference,java.lang.Object) -> onPreferenceChange
com.inhuasoft.smart.client.AccountPreferencesFragment$10 -> com.inhuasoft.smart.client.d:
    com.inhuasoft.smart.client.AccountPreferencesFragment this$0 -> a
    boolean onPreferenceChange(android.preference.Preference,java.lang.Object) -> onPreferenceChange
com.inhuasoft.smart.client.AccountPreferencesFragment$11 -> com.inhuasoft.smart.client.e:
    com.inhuasoft.smart.client.AccountPreferencesFragment this$0 -> a
    boolean onPreferenceChange(android.preference.Preference,java.lang.Object) -> onPreferenceChange
com.inhuasoft.smart.client.AccountPreferencesFragment$12 -> com.inhuasoft.smart.client.f:
    com.inhuasoft.smart.client.AccountPreferencesFragment this$0 -> a
    boolean onPreferenceChange(android.preference.Preference,java.lang.Object) -> onPreferenceChange
com.inhuasoft.smart.client.AccountPreferencesFragment$13 -> com.inhuasoft.smart.client.g:
    com.inhuasoft.smart.client.AccountPreferencesFragment this$0 -> a
    boolean onPreferenceChange(android.preference.Preference,java.lang.Object) -> onPreferenceChange
com.inhuasoft.smart.client.AccountPreferencesFragment$14 -> com.inhuasoft.smart.client.h:
    com.inhuasoft.smart.client.AccountPreferencesFragment this$0 -> a
    boolean onPreferenceChange(android.preference.Preference,java.lang.Object) -> onPreferenceChange
com.inhuasoft.smart.client.AccountPreferencesFragment$15 -> com.inhuasoft.smart.client.i:
    com.inhuasoft.smart.client.AccountPreferencesFragment this$0 -> a
    android.preference.CheckBoxPreference val$disable -> b
    boolean onPreferenceClick(android.preference.Preference) -> onPreferenceClick
com.inhuasoft.smart.client.AccountPreferencesFragment$16 -> com.inhuasoft.smart.client.j:
    com.inhuasoft.smart.client.AccountPreferencesFragment this$0 -> a
    boolean onPreferenceClick(android.preference.Preference) -> onPreferenceClick
...
android.support.v4.view.VelocityTrackerCompat$VelocityTrackerVersionImpl -> android.support.v4.view.o:
    float getXVelocity(android.view.VelocityTracker,int) -> a
android.support.v4.view.VelocityTrackerCompatHoneycomb -> android.support.v4.view.p:
    float getXVelocity(android.view.VelocityTracker,int) -> a
android.support.v4.view.ViewCompat -> android.support.v4.view.q:
    android.support.v4.view.ViewCompat$ViewCompatImpl IMPL -> a
    boolean canScrollHorizontally(android.view.View,int) -> a
    int getOverScrollMode(android.view.View) -> a
    void postInvalidateOnAnimation(android.view.View) -> b
android.support.v4.view.ViewCompat$BaseViewCompatImpl -> android.support.v4.view.r:
    boolean canScrollHorizontally(android.view.View,int) -> a
    int getOverScrollMode(android.view.View) -> a
    void postInvalidateOnAnimation(android.view.View) -> b
    long getFrameTime() -> a
android.support.v4.view.ViewCompat$GBViewCompatImpl -> android.support.v4.view.s:
    int getOverScrollMode(android.view.View) -> a
android.support.v4.view.ViewCompat$HCViewCompatImpl -> android.support.v4.view.t:
    long getFrameTime() -> a
android.support.v4.view.ViewCompat$ICSViewCompatImpl -> android.support.v4.view.u:
    boolean canScrollHorizontally(android.view.View,int) -> a
android.support.v4.view.ViewCompat$JBViewCompatImpl -> android.support.v4.view.v:
    void postInvalidateOnAnimation(android.view.View) -> b
android.support.v4.view.ViewCompat$ViewCompatImpl -> android.support.v4.view.w:
    boolean canScrollHorizontally(android.view.View,int) -> a
    int getOverScrollMode(android.view.View) -> a
    void postInvalidateOnAnimation(android.view.View) -> b
android.support.v4.view.ViewCompatGingerbread -> android.support.v4.view.x:
    int getOverScrollMode(android.view.View) -> a
android.support.v4.view.ViewCompatHC -> android.support.v4.view.y:
    long getFrameTime() -> a
android.support.v4.view.ViewCompatICS -> android.support.v4.view.z:
    boolean canScrollHorizontally(android.view.View,int) -> a
android.support.v4.view.ViewCompatJB -> android.support.v4.view.aa:
    void postInvalidateOnAnimation(android.view.View) -> a
android.support.v4.view.ViewPager -> android.support.v4.view.ViewPager:
    int[] LAYOUT_ATTRS -> a
    java.util.Comparator COMPARATOR -> b
    android.view.animation.Interpolator sInterpolator -> c
    java.util.ArrayList mItems -> d
    android.support.v4.view.ViewPager$ItemInfo mTempItem -> e
    android.graphics.Rect mTempRect -> f
    android.support.v4.view.PagerAdapter mAdapter -> g
    int mCurItem -> h
    int mRestoredCurItem -> i
    android.os.Parcelable mRestoredAdapterState -> j
    java.lang.ClassLoader mRestoredClassLoader -> k
    android.widget.Scroller mScroller -> l
    android.support.v4.view.ViewPager$PagerObserver mObserver -> m
    int mPageMargin -> n
    android.graphics.drawable.Drawable mMarginDrawable -> o
    int mTopPageBounds -> p
    int mBottomPageBounds -> q
    float mFirstOffset -> r
    float mLastOffset -> s
    int mChildWidthMeasureSpec -> t
    int mChildHeightMeasureSpec -> u
    boolean mInLayout -> v
    boolean mScrollingCacheEnabled -> w
    boolean mPopulatePending -> x
    int mOffscreenPageLimit -> y
    boolean mIsBeingDragged -> z
    boolean mIsUnableToDrag -> A
    int mDefaultGutterSize -> B
    int mGutterSize -> C
    int mTouchSlop -> D
    float mInitialMotionX -> E
    float mLastMotionX -> F
    float mLastMotionY -> G
    int mActivePointerId -> H
    android.view.VelocityTracker mVelocityTracker -> I
    int mMinimumVelocity -> J
    int mMaximumVelocity -> K
android.support.v4.view.ViewPager$1 -> android.support.v4.view.ab:
    int compare(android.support.v4.view.ViewPager$ItemInfo,android.support.v4.view.ViewPager$ItemInfo) -> a
    int compare(java.lang.Object,java.lang.Object) -> compare