proguard/usage.txt
com.inhuasoft.smart.client.AudioCallFragment$SwipeGestureDetector
com.inhuasoft.smart.client.AudioCallFragment$SwipeListener
com.inhuasoft.smart.client.AudioCall_New_Fragment$SwipeGestureDetector
com.inhuasoft.smart.client.AudioCall_New_Fragment$SwipeListener
com.inhuasoft.smart.client.BandwidthManager:
    public static final int HIGH_RESOLUTION
    public static final int LOW_RESOLUTION
    public static final int LOW_BANDWIDTH
    33:33:public int getCurrentProfile()
com.inhuasoft.smart.client.BuildConfig
com.inhuasoft.smart.client.CallManager:
    112:121:void reinvite()
com.inhuasoft.smart.client.ChatFragment:
    private static final int ADD_PHOTO
    private static final int MENU_DELETE_MESSAGE
    private static final int MENU_SAVE_PICTURE
    private static final int MENU_PICTURE_SMALL
    private static final int MENU_PICTURE_MEDIUM
    private static final int MENU_PICTURE_LARGE
    private static final int MENU_PICTURE_REAL
    private static final int MENU_COPY_TEXT
    private static final int MENU_RESEND_MESSAGE
    private static final int COMPRESSOR_QUALITY
    private static final int SIZE_SMALL
    private static final int SIZE_MEDIUM
    private static final int SIZE_LARGE
    private static final int MESSAGES_STEP
com.inhuasoft.smart.client.ChatMessage:
    70:71:public void setMessage(java.lang.String)
    78:79:public void setTimestamp(java.lang.String)
    86:87:public void setIncoming(boolean)
    90:91:public void setStatus(int)
    102:102:public boolean isRead()
com.inhuasoft.smart.client.ChatStorage:
    private static final int INCOMING
    private static final int OUTGOING
    private static final int READ
    private static final int NOT_READ
    private static final java.lang.String TABLE_NAME
    private static final java.lang.String DRAFT_TABLE_NAME
    425:428:public void markConversationAsRead(org.linphone.core.LinphoneChatRoom)
com.inhuasoft.smart.client.ChatStorage$ChatHelper:
    private static final int DATABASE_VERSION
    private static final java.lang.String DATABASE_NAME
com.inhuasoft.smart.client.Contact:
    private static final long serialVersionUID
    53:58:public Contact(java.lang.String,java.lang.String,android.net.Uri)
com.inhuasoft.smart.client.ContactHelper:
    45:45:public java.lang.String getDisplayName()
    71:75:public static android.content.Intent prepareEditContactIntent(int)
com.inhuasoft.smart.client.ContactPicked
com.inhuasoft.smart.client.ContactsFragment:
    73:73:static final boolean isInstanciated()
    77:77:public static final com.inhuasoft.smart.client.ContactsFragment instance()
com.inhuasoft.smart.client.CustomDialog:
    30:30:public CustomDialog()
com.inhuasoft.smart.client.DialerFragment:
    public boolean mVisible
    132:132:public static com.inhuasoft.smart.client.DialerFragment instance()
com.inhuasoft.smart.client.EditContactFragment$NewOrUpdatedNumberOrAddress:
    483:487:public EditContactFragment$NewOrUpdatedNumberOrAddress(com.inhuasoft.smart.client.EditContactFragment)
com.inhuasoft.smart.client.FragmentsAvailable:
    40:40:public boolean shouldAddToBackStack()
com.inhuasoft.smart.client.InCallActivity:
    private static final int SECONDS_BEFORE_HIDING_CONTROLS
    private static final int SECONDS_BEFORE_DENYING_CALL_UPDATE
    private boolean isAnimationDisabled
    1200:1212:private void unbindDrawables(android.view.View)
com.inhuasoft.smart.client.InCallActivityBakup
com.inhuasoft.smart.client.InCallActivityBakup$1
com.inhuasoft.smart.client.InCallActivityBakup$10
com.inhuasoft.smart.client.InCallActivityBakup$10$1
com.inhuasoft.smart.client.InCallActivityBakup$11
com.inhuasoft.smart.client.InCallActivityBakup$12
com.inhuasoft.smart.client.InCallActivityBakup$13
com.inhuasoft.smart.client.InCallActivityBakup$13$1
com.inhuasoft.smart.client.InCallActivityBakup$14
com.inhuasoft.smart.client.InCallActivityBakup$15
...
com.google.android.gcm.GCMConstants
com.google.android.gcm.GCMRegistrar:
    public static final long DEFAULT_ON_SERVER_LIFESPAN_MS
    private static final java.lang.String TAG
    private static final java.lang.String BACKOFF_MS
    private static final java.lang.String GSF_PACKAGE
    private static final java.lang.String PREFERENCES
    private static final int DEFAULT_BACKOFF_MS
    private static final java.lang.String PROPERTY_REG_ID
    private static final java.lang.String PROPERTY_APP_VERSION
    private static final java.lang.String PROPERTY_ON_SERVER
    private static final java.lang.String PROPERTY_ON_SERVER_EXPIRATION_TIME
    private static final java.lang.String PROPERTY_ON_SERVER_LIFESPAN
    252:254:public static void unregister(android.content.Context)
    264:269:public static synchronized void onDestroy(android.content.Context)
    385:395:public static void setRegisteredOnServer(android.content.Context,boolean)
    407:419:public static boolean isRegisteredOnServer(android.content.Context)
    430:433:public static long getRegisterOnServerLifespan(android.content.Context)
    442:446:public static void setRegisterOnServerLifespan(android.content.Context,long)
    505:506:private GCMRegistrar()
de.timroes.axmlrpc.AuthenticationManager:
    21:23:public void clearAuthData()
    33:35:public void setAuthData(java.lang.String,java.lang.String)
de.timroes.axmlrpc.Call:
    25:26:public Call(java.lang.String)
de.timroes.axmlrpc.CookieManager:
    private static final java.lang.String SET_COOKIE
    private static final java.lang.String COOKIE
    35:36:public void clearCookies()
de.timroes.axmlrpc.ResponseParser:
    private static final java.lang.String FAULT_CODE
    private static final java.lang.String FAULT_STRING
de.timroes.axmlrpc.XMLRPCClient:
    private static final java.lang.String DEFAULT_USER_AGENT
    static final java.lang.String USER_AGENT
    static final java.lang.String CONTENT_TYPE
    static final java.lang.String TYPE_XML
    static final java.lang.String HOST
    static final java.lang.String CONTENT_LENGTH
    static final java.lang.String HTTP_POST
    static final java.lang.String METHOD_RESPONSE
    static final java.lang.String PARAMS
    static final java.lang.String PARAM
    public static final java.lang.String VALUE
    static final java.lang.String FAULT
    static final java.lang.String METHOD_CALL
    static final java.lang.String METHOD_NAME
    static final java.lang.String STRUCT_MEMBER
    public static final int FLAGS_NONE
    public static final int FLAGS_STRICT
    public static final int FLAGS_8BYTE_INT
    public static final int FLAGS_ENABLE_COOKIES
    public static final int FLAGS_NIL
    public static final int FLAGS_IGNORE_STATUSCODE
    public static final int FLAGS_FORWARD
    public static final int FLAGS_SSL_IGNORE_INVALID_HOST
    public static final int FLAGS_SSL_IGNORE_INVALID_CERT
    public static final int FLAGS_DEFAULT_TYPE_STRING
    public static final int FLAGS_IGNORE_NAMESPACES
    public static final int FLAGS_SSL_IGNORE_ERRORS
    public static final int FLAGS_APACHE_WS
    197:198:public XMLRPCClient(java.net.URL,int)
    208:209:public XMLRPCClient(java.net.URL,java.lang.String)
de.timroes.axmlrpc.XMLRPCClient$Caller:
    414:414:public XMLRPCClient$Caller(de.timroes.axmlrpc.XMLRPCClient)
    448:451:public void cancel()
de.timroes.axmlrpc.XMLRPCServerException:
    35:35:public int getErrorNr()
de.timroes.axmlrpc.XMLUtil:
    13:13:public XMLUtil()
de.timroes.axmlrpc.serializer.ArraySerializer:
    private static final java.lang.String ARRAY_DATA
    private static final java.lang.String ARRAY_VALUE
de.timroes.axmlrpc.serializer.DateTimeSerializer:
    private static final java.lang.String DATETIME_FORMAT